Frontend/KitchenMingle/app/build/intermediates/manifest_merge_blame_file/debug/manifest-merger-blame-debug-report.txt
1<?xml version="1.0" encoding="utf-8"?>
2<manifest xmlns:android="http://schemas.android.com/apk/res/android"
3    package="com.example.as1"
4    android:versionCode="1"
5    android:versionName="1.0" >
6
7    <uses-sdk
8        android:minSdkVersion="21"
9        android:targetSdkVersion="31" />
10
11    <uses-permission android:name="android.permission.INTERNET" />
11-->src/main/AndroidManifest.xml:3:5-67
11-->src/main/AndroidManifest.xml:3:22-64
12
13    <application
13-->src/main/AndroidManifest.xml:5:5-34:19
14        android:allowBackup="true"
14-->src/main/AndroidManifest.xml:7:9-35
15        android:appComponentFactory="androidx.core.app.CoreComponentFactory"
15-->[androidx.core:core:1.5.0] AndroidManifest.xml:24:18-86
16        android:debuggable="true"
17        android:extractNativeLibs="true"
18        android:icon="@mipmap/ic_launcher"
18-->src/main/AndroidManifest.xml:8:9-43
19        android:label="@string/app_name"
19-->src/main/AndroidManifest.xml:9:9-41
20        android:roundIcon="@mipmap/ic_launcher_round"
20-->src/main/AndroidManifest.xml:10:9-54
21        android:supportsRtl="true"
21-->src/main/AndroidManifest.xml:11:9-35
22        android:testOnly="true"
23        android:theme="@style/Theme.AS1"
23-->src/main/AndroidManifest.xml:12:9-41
24        android:usesCleartextTraffic="true" >
24-->src/main/AndroidManifest.xml:6:9-44
25        <activity
25-->src/main/AndroidManifest.xml:13:9-15:39
26            android:name="com.example.as1.SignUpActivity"
26-->src/main/AndroidManifest.xml:14:13-43
27            android:exported="true" />
27-->src/main/AndroidManifest.xml:15:13-36
28        <activity
28-->src/main/AndroidManifest.xml:16:9-18:39
29            android:name="com.example.as1.LoginActivity"
29-->src/main/AndroidManifest.xml:17:13-42
30            android:exported="true" />
30-->src/main/AndroidManifest.xml:18:13-36
31        <activity
31-->src/main/AndroidManifest.xml:19:9-21:39
32            android:name="com.example.as1.RecipeActivity"
32-->src/main/AndroidManifest.xml:20:13-43
33            android:exported="true" />
33-->src/main/AndroidManifest.xml:21:13-36
34        <activity
34-->src/main/AndroidManifest.xml:22:9-24:39
35            android:name="com.example.as1.IngredientActivity"
35-->src/main/AndroidManifest.xml:23:13-47
36            android:exported="true" />
36-->src/main/AndroidManifest.xml:24:13-36
37        <activity
37-->src/main/AndroidManifest.xml:25:9-32:20
38            android:name="com.example.as1.MainActivity"
38-->src/main/AndroidManifest.xml:26:13-41
39            android:exported="true" >
39-->src/main/AndroidManifest.xml:27:13-36
40            <intent-filter>
40-->src/main/AndroidManifest.xml:28:13-31:29
41                <action android:name="android.intent.action.MAIN" />
41-->src/main/AndroidManifest.xml:29:17-69
41-->src/main/AndroidManifest.xml:29:25-66
42
43                <category android:name="android.intent.category.LAUNCHER" />
43-->src/main/AndroidManifest.xml:30:17-77
43-->src/main/AndroidManifest.xml:30:27-74
44            </intent-filter>
45        </activity>
46    </application>
47
48</manifest>